<?xml version="1.0" encoding="UTF-8"?>
<testng-results skipped="0" failed="0" total="2" passed="2">
  <reporter-output>
  </reporter-output>
  <suite name="Surefire suite" duration-ms="41460" started-at="2018-09-05T19:16:49Z" finished-at="2018-09-05T19:17:31Z">
    <groups>
      <group name="cucumber">
        <method signature="AbstractTestNGCucumberTests.feature(cucumber.api.testng.CucumberFeatureWrapper)[pri:0, instance:runner.TestRunner@614c5515]" name="feature" class="cucumber.api.testng.AbstractTestNGCucumberTests"/>
      </group> <!-- cucumber -->
    </groups>
    <test name="Surefire test" duration-ms="41460" started-at="2018-09-05T19:16:49Z" finished-at="2018-09-05T19:17:31Z">
      <class name="runner.TestRunner">
        <test-method status="PASS" signature="setUpClass()[pri:0, instance:runner.TestRunner@614c5515]" name="setUpClass" is-config="true" duration-ms="264" started-at="2018-09-05T20:16:49Z" finished-at="2018-09-05T20:16:50Z">
          <reporter-output>
          </reporter-output>
        </test-method> <!-- setUpClass -->
        <test-method status="PASS" signature="feature(cucumber.api.testng.CucumberFeatureWrapper)[pri:0, instance:runner.TestRunner@614c5515]" name="feature" duration-ms="21579" started-at="2018-09-05T20:16:50Z" description="Runs Cucumber Feature" data-provider="features" finished-at="2018-09-05T20:17:11Z">
          <params>
            <param index="0">
              <value>
                <![CDATA[Product checkout]]>
              </value>
            </param>
          </params>
          <reporter-output>
          </reporter-output>
        </test-method> <!-- feature -->
        <test-method status="PASS" signature="feature(cucumber.api.testng.CucumberFeatureWrapper)[pri:0, instance:runner.TestRunner@614c5515]" name="feature" duration-ms="19491" started-at="2018-09-05T20:17:11Z" description="Runs Cucumber Feature" data-provider="features" finished-at="2018-09-05T20:17:31Z">
          <params>
            <param index="0">
              <value>
                <![CDATA[Product Search]]>
              </value>
            </param>
          </params>
          <reporter-output>
          </reporter-output>
        </test-method> <!-- feature -->
        <test-method status="PASS" signature="tearDownClass()[pri:0, instance:runner.TestRunner@614c5515]" name="tearDownClass" is-config="true" duration-ms="31" started-at="2018-09-05T20:17:31Z" finished-at="2018-09-05T20:17:31Z">
          <reporter-output>
          </reporter-output>
        </test-method> <!-- tearDownClass -->
      </class> <!-- runner.TestRunner -->
    </test> <!-- Surefire test -->
  </suite> <!-- Surefire suite -->
</testng-results>
